Restoring modules from user's my_modules
── Attaching core tidyverse packages ──────────────────────── tidyverse 2.0.0 ──
✔ dplyr     1.1.2     ✔ readr     2.1.4
✔ forcats   1.0.0     ✔ stringr   1.5.0
✔ ggplot2   3.4.2     ✔ tibble    3.2.1
✔ lubridate 1.9.2     ✔ tidyr     1.3.0
✔ purrr     1.0.1     
── Conflicts ────────────────────────────────────────── tidyverse_conflicts() ──
✖ dplyr::filter() masks stats::filter()
✖ dplyr::lag()    masks stats::lag()
ℹ Use the conflicted package (<http://conflicted.r-lib.org/>) to force all conflicts to become errors
------------------------------------------------------------------------------
You have loaded plyr after dplyr - this is likely to cause problems.
If you need functions from both plyr and dplyr, please load plyr first, then dplyr:
library(plyr); library(dplyr)
------------------------------------------------------------------------------

Attaching package: ‘plyr’

The following objects are masked from ‘package:dplyr’:

    arrange, count, desc, failwith, id, mutate, rename, summarise,
    summarize

The following object is masked from ‘package:purrr’:

    compact


Attaching package: ‘pracma’

The following object is masked from ‘package:purrr’:

    cross


Attaching package: ‘data.table’

The following objects are masked from ‘package:lubridate’:

    hour, isoweek, mday, minute, month, quarter, second, wday, week,
    yday, year

The following objects are masked from ‘package:dplyr’:

    between, first, last

The following object is masked from ‘package:purrr’:

    transpose

Loading required package: foreach

Attaching package: ‘foreach’

The following objects are masked from ‘package:purrr’:

    accumulate, when

Loading required package: iterators

Attaching package: ‘MASS’

The following object is masked from ‘package:dplyr’:

    select

Type 'citation("pROC")' for a citation.

Attaching package: ‘pROC’

The following objects are masked from ‘package:stats’:

    cov, smooth, var

[1] 40
[1] 190
[1] 1.052632
[1] 1.578947
[1] 2.105263
[1] 2.631579
[1] 3.157895
[1] 3.684211
[1] 4.210526
[1] 4.736842
[1] 5.263158
[1] 5.789474
[1] 6.315789
[1] 6.842105
[1] 7.368421
[1] 7.894737
[1] 8.421053
[1] 8.947368
[1] 9.473684
[1] 10
[1] 10.52632
[1] 11.05263
[1] 11.57895
[1] 12.10526
[1] 12.63158
[1] 13.15789
[1] 13.68421
[1] 14.21053
[1] 14.73684
[1] 15.26316
[1] 15.78947
[1] 16.31579
[1] 16.84211
[1] 17.36842
[1] 17.89474
[1] 18.42105
[1] 18.94737
[1] 19.47368
[1] 20
[1] 20.52632
[1] 21.05263
[1] 21.57895
[1] 22.10526
[1] 22.63158
[1] 23.15789
[1] 23.68421
[1] 24.21053
[1] 24.73684
[1] 25.26316
[1] 25.78947
[1] 26.31579
[1] 26.84211
[1] 27.36842
[1] 27.89474
[1] 28.42105
[1] 28.94737
[1] 29.47368
[1] 30
[1] 30.52632
[1] 31.05263
[1] 31.57895
[1] 32.10526
[1] 32.63158
[1] 33.15789
[1] 33.68421
[1] 34.21053
[1] 34.73684
[1] 35.26316
[1] 35.78947
[1] 36.31579
[1] 36.84211
[1] 37.36842
[1] 37.89474
[1] 38.42105
[1] 38.94737
[1] 39.47368
[1] 40
[1] 40.52632
[1] 41.05263
[1] 41.57895
[1] 42.10526
[1] 42.63158
[1] 43.15789
[1] 43.68421
[1] 44.21053
[1] 44.73684
[1] 45.26316
[1] 45.78947
[1] 46.31579
[1] 46.84211
[1] 47.36842
[1] 47.89474
[1] 48.42105
[1] 48.94737
[1] 49.47368
[1] 50
[1] 50.52632
[1] 51.05263
[1] 51.57895
[1] 52.10526
[1] 52.63158
[1] 53.15789
[1] 53.68421
[1] 54.21053
[1] 54.73684
[1] 55.26316
[1] 55.78947
[1] 56.31579
[1] 56.84211
[1] 57.36842
[1] 57.89474
[1] 58.42105
[1] 58.94737
[1] 59.47368
[1] 60
[1] 60.52632
[1] 61.05263
[1] 61.57895
[1] 62.10526
[1] 62.63158
[1] 63.15789
[1] 63.68421
[1] 64.21053
[1] 64.73684
[1] 65.26316
[1] 65.78947
[1] 66.31579
[1] 66.84211
[1] 67.36842
[1] 67.89474
[1] 68.42105
[1] 68.94737
[1] 69.47368
[1] 70
[1] 70.52632
[1] 71.05263
[1] 71.57895
[1] 72.10526
[1] 72.63158
[1] 73.15789
[1] 73.68421
[1] 74.21053
[1] 74.73684
[1] 75.26316
[1] 75.78947
[1] 76.31579
[1] 76.84211
[1] 77.36842
[1] 77.89474
[1] 78.42105
[1] 78.94737
[1] 79.47368
[1] 80
[1] 80.52632
[1] 81.05263
[1] 81.57895
[1] 82.10526
[1] 82.63158
[1] 83.15789
[1] 83.68421
[1] 84.21053
[1] 84.73684
[1] 85.26316
[1] 85.78947
[1] 86.31579
[1] 86.84211
[1] 87.36842
[1] 87.89474
[1] 88.42105
[1] 88.94737
[1] 89.47368
[1] 90
[1] 90.52632
[1] 91.05263
[1] 91.57895
[1] 92.10526
[1] 92.63158
[1] 93.15789
[1] 93.68421
[1] 94.21053
[1] 94.73684
[1] 95.26316
[1] 95.78947
[1] 96.31579
[1] 96.84211
[1] 97.36842
[1] 97.89474
[1] 98.42105
[1] 98.94737
[1] 99.47368
[1] 100
[1] "Data Uploaded"
[1] "Station list"
  [1]  1384099999  2464099999  4030099999  4250099999  6180099999 11036099999
  [7] 12375099999 13272099999 15421099999 15614099999 16105099999 16560099999
 [13] 16597099999 16754099999 17038099999 17060099999 17128099999 17170099999
 [19] 22113099999 22550099999 23226099999 23849099999 26063099999 27595099999
 [25] 28440099999 28698099999 29846099999 30710099999 30758099999 31735099999
 [31] 32150099999 34560099999 34861099999 35121099999 37864099999 38880099999
 [37] 40180099999 40437099999 40738099999 40745099999 40754099999 40848099999
 [43] 40856099999 41024099999 41140099999 41194099999 41256099999 41780099999
 [49] 42339099999 42410099999 42492099999 42623099999 42647099999 42667099999
 [55] 42809099999 43003099999 43128099999 43279099999 44292099999 45007099999
 [61] 47058099999 48327099999 48456099999 48565099999 48647099999 48698099999
 [67] 50136099999 50745099999 51828099999 52866099999 53463099999 53614099999
 [73] 54161099999 54511099999 54662099999 54857099999 55591099999 56778099999
 [79] 57083099999 57494099999 57516099999 57816099999 57957099999 58606099999
 [85] 59134099999 60141099999 60156099999 60230099999 60390099999 60490099999
 [91] 60680599999 60715099999 61641099999 67083099999 71123099999 71265099999
 [97] 71395099999 71627094792 71801099999 71866099999 71877099999 71892099999
[103] 71896099999 71936099999 72259003927 72509014739 72524014820 72572024127
[109] 74486094789 82193099999 82398099999 83248099999 83378099999 83746099999
[115] 85442099999 85574099999 85934099999 86218099999 87582099999 93845099999
[121] 94864099999 94975099999 96035099999 96633099999 96749099999 97180099999
[127] 97724099999
[1] "Function Imported"
[1] "thre_50"
[1] 0.7874016
[1] "thre_55"
[1] 0.7874016
[1] "thre_60"
[1] 0.7874016
[1] "thre_65"
[1] 0.7874016
[1] "thre_70"
[1] 0.7874016
[1] "thre_75"
[1] 0.7874016
[1] "thre_80"
[1] 0.7874016
[1] "thre_85"
[1] 0.7874016
[1] "thre_90"
[1] 0.7874016
[1] "thre_95"
[1] 0.7874016
[1] "thre_100"
[1] 0.7874016
[1] 1.574803
[1] 1.574803
[1] 1.574803
[1] 1.574803
[1] 1.574803
[1] 1.574803
[1] 1.574803
[1] 1.574803
[1] 1.574803
[1] 1.574803
[1] 1.574803
[1] 2.362205
[1] 2.362205
[1] 2.362205
[1] 2.362205
[1] 2.362205
[1] 2.362205
[1] 2.362205
[1] 2.362205
[1] 2.362205
[1] 2.362205
[1] 2.362205
[1] 3.149606
[1] 3.149606
[1] 3.149606
[1] 3.149606
[1] 3.149606
[1] 3.149606
[1] 3.149606
[1] 3.149606
[1] 3.149606
[1] 3.149606
[1] 3.937008
[1] 3.937008
[1] 3.937008
[1] 3.937008
[1] 3.937008
[1] 3.937008
[1] 3.937008
[1] 3.937008
[1] 3.937008
[1] 3.937008
[1] 3.149606
[1] 4.724409
[1] 4.724409
[1] 4.724409
[1] 4.724409
[1] 4.724409
[1] 4.724409
[1] 4.724409
[1] 4.724409
[1] 4.724409
[1] 4.724409
[1] 3.937008
[1] 4.724409
[1] 5.511811
[1] 5.511811
[1] 5.511811
[1] 5.511811
[1] 5.511811
[1] 5.511811
[1] 5.511811
[1] 5.511811
[1] 5.511811
[1] 5.511811
[1] 5.511811
[1] 6.299213
[1] 6.299213
[1] 6.299213
[1] 6.299213
[1] 6.299213
[1] 6.299213
[1] 6.299213
[1] 6.299213
[1] 6.299213
[1] 6.299213
[1] 7.086614
[1] 7.086614
[1] 7.086614
[1] 7.086614
[1] 7.086614
[1] 7.086614
[1] 7.086614
[1] 7.086614
[1] 7.086614
[1] 7.086614
[1] 7.874016
[1] 7.874016
[1] 7.874016
[1] 7.874016
[1] 7.874016
[1] 7.874016
[1] 7.874016
[1] 7.874016
[1] 7.874016
[1] 7.874016
[1] 6.299213
[1] 7.086614
[1] 7.874016
[1] 8.661417
[1] 8.661417
[1] 8.661417
[1] 8.661417
[1] 9.448819
[1] 8.661417
[1] 9.448819
[1] 9.448819
[1] 8.661417
[1] 9.448819
[1] 8.661417
[1] 8.661417
[1] 8.661417
[1] 10.23622
[1] 8.661417
[1] 10.23622
[1] 9.448819
[1] 10.23622
[1] 10.23622
[1] 9.448819
[1] 9.448819
[1] 9.448819
[1] 9.448819
[1] 9.448819
[1] 10.23622
[1] 10.23622
[1] 10.23622
[1] 10.23622
[1] 10.23622
[1] 10.23622
[1] 11.02362
[1] 11.02362
[1] 11.02362
[1] 11.02362
[1] 11.02362
[1] 11.02362
[1] 11.02362
[1] 11.02362
[1] 11.02362
[1] 11.02362
[1] 8.661417
[1] 9.448819
[1] 10.23622
[1] 11.02362
[1] 11.81102
[1] 11.81102
[1] 11.81102
[1] 11.81102
[1] 11.81102
[1] 11.81102
[1] 11.81102
[1] 11.81102
[1] 11.81102
[1] 11.81102
[1] 11.81102
[1] 12.59843
[1] 12.59843
[1] 12.59843
[1] 12.59843
[1] 12.59843
[1] 12.59843
[1] 12.59843
[1] 12.59843
[1] 12.59843
[1] 12.59843
[1] 13.38583
[1] 13.38583
[1] 13.38583
[1] 12.59843
[1] 13.38583
[1] 13.38583
[1] 13.38583
[1] 13.38583
[1] 13.38583
[1] 13.38583
[1] 13.38583
[1] 13.38583
[1] 14.17323
[1] 14.17323
[1] 14.17323
[1] 14.17323
[1] 14.17323
[1] 14.17323
[1] 14.17323
[1] 14.17323
[1] 14.17323
[1] 14.17323
[1] 14.96063
[1] 14.96063
[1] 14.96063
[1] 14.96063
[1] 14.96063
[1] 14.96063
[1] 14.96063
[1] 14.96063
[1] 14.96063
[1] 14.96063
[1] 14.17323
[1] 15.74803
[1] 15.74803
[1] 15.74803
[1] 15.74803
[1] 15.74803
[1] 15.74803
[1] 15.74803
[1] 15.74803
[1] 15.74803
[1] 15.74803
[1] 16.53543
[1] 16.53543
[1] 16.53543
[1] 16.53543
[1] 16.53543
[1] 16.53543
[1] 16.53543
[1] 16.53543
[1] 16.53543
[1] 16.53543
[1] 14.96063
[1] 17.32283
[1] 17.32283
[1] 17.32283
[1] 17.32283
[1] 17.32283
[1] 17.32283
[1] 17.32283
[1] 17.32283
[1] 17.32283
[1] 17.32283
[1] 15.74803
[1] 18.11024
[1] 16.53543
[1] 18.11024
[1] 18.11024
[1] 18.11024
[1] 18.11024
[1] 18.11024
[1] 18.11024
[1] 18.11024
[1] 18.11024
[1] 18.11024
[1] 17.32283
[1] 18.11024
[1] 18.89764
[1] 18.89764
[1] 18.89764
[1] 18.89764
[1] 18.89764
[1] 18.89764
[1] 18.89764
[1] 18.89764
[1] 18.89764
[1] 18.89764
[1] 19.68504
[1] 19.68504
[1] 19.68504
[1] 19.68504
[1] 19.68504
[1] 19.68504
[1] 20.47244
[1] 20.47244
[1] 20.47244
[1] 19.68504
[1] 19.68504
[1] 20.47244
[1] 19.68504
[1] 20.47244
[1] 20.47244
[1] 19.68504
[1] 20.47244
[1] 20.47244
[1] 20.47244
[1] 20.47244
[1] 18.89764
[1] 21.25984
[1] 21.25984
[1] 21.25984
[1] 21.25984
[1] 21.25984
[1] 21.25984
[1] 21.25984
[1] 21.25984
[1] 21.25984
[1] 19.68504
[1] 21.25984
[1] 20.47244
[1] 22.04724
[1] 22.04724
[1] 22.04724
[1] 22.04724
[1] 22.04724
[1] 22.04724
[1] 22.04724
[1] 22.04724
[1] 22.04724
[1] 22.04724
[1] 21.25984
[1] 22.83465
[1] 22.83465
[1] 22.83465
[1] 22.04724
[1] 22.83465
[1] 22.83465
[1] 22.83465
[1] 22.83465
[1] 22.83465
[1] 22.83465
[1] 23.62205
[1] 23.62205
[1] 23.62205
[1] 23.62205
[1] 23.62205
[1] 22.83465
[1] 23.62205
[1] 23.62205
[1] 23.62205
[1] 23.62205
[1] 23.62205
[1] 22.83465
[1] 23.62205
[1] 24.40945
[1] 24.40945
[1] 24.40945
[1] 24.40945
[1] 24.40945
[1] 24.40945
[1] 24.40945
[1] 24.40945
[1] 24.40945
[1] 24.40945
[1] 25.19685
[1] 25.19685
[1] 25.19685
[1] 25.19685
[1] 25.19685
[1] 24.40945
[1] 25.19685
[1] 25.19685
[1] 25.19685
[1] 25.19685
[1] 25.19685
[1] 25.98425
[1] 25.98425
[1] 25.98425
[1] 25.98425
[1] 25.98425
[1] 25.19685
[1] 26.77165
[1] 26.77165
[1] 26.77165
[1] 26.77165
[1] 25.98425
[1] 26.77165
[1] 25.98425
[1] 25.98425
[1] 25.98425
[1] 26.77165
[1] 26.77165
[1] 26.77165
[1] 26.77165
[1] 25.98425
[1] 27.55906
[1] 27.55906
[1] 26.77165
[1] 27.55906
[1] 25.98425
[1] 27.55906
[1] 27.55906
[1] 26.77165
[1] 28.34646
[1] 28.34646
[1] 27.55906
[1] 28.34646
[1] 28.34646
[1] 27.55906
[1] 27.55906
[1] 27.55906
[1] 28.34646
[1] 28.34646
[1] 29.13386
[1] 29.13386
[1] 28.34646
[1] 28.34646
[1] 28.34646
[1] 29.13386
[1] 29.13386
[1] 29.13386
[1] 29.13386
[1] 29.13386
[1] 29.13386
[1] 29.13386
[1] 29.92126
[1] 29.92126
[1] 29.92126
[1] 29.92126
[1] 29.92126
[1] 27.55906
[1] 30.70866
[1] 30.70866
[1] 30.70866
[1] 29.92126
[1] 30.70866
[1] 29.92126
[1] 27.55906
[1] 30.70866
[1] 29.92126
[1] 29.92126
[1] 28.34646
[1] 31.49606
[1] 31.49606
[1] 30.70866
[1] 31.49606
[1] 31.49606
[1] 30.70866
[1] 30.70866
[1] 28.34646
[1] 31.49606
[1] 30.70866
[1] 31.49606
[1] 29.13386
[1] 31.49606
[1] 31.49606
[1] 31.49606
[1] 29.13386
[1] 32.28346
[1] 32.28346
[1] 32.28346
[1] 32.28346
[1] 32.28346
[1] 29.92126
[1] 32.28346
[1] 29.92126
[1] 32.28346
[1] 32.28346
[1] 32.28346
[1] 30.70866
[1] 30.70866
[1] 33.07087
[1] 33.07087
[1] 33.07087
[1] 33.07087
[1] 33.07087
[1] 33.85827
[1] 33.85827
[1] 33.85827
[1] 33.85827
[1] 31.49606
[1] 31.49606
[1] 33.85827
[1] 34.64567
[1] 34.64567
[1] 33.07087
[1] 33.07087
[1] 34.64567
[1] 33.07087
[1] 34.64567
[1] 33.07087
[1] 34.64567
[1] 33.85827
[1] 33.85827
[1] 33.85827
[1] 33.85827
[1] 34.64567
[1] 34.64567
[1] 34.64567
[1] 34.64567
[1] 32.28346
[1] 32.28346
[1] 35.43307
[1] 35.43307
[1] 35.43307
[1] 35.43307
[1] 35.43307
[1] 35.43307
[1] 35.43307
[1] 35.43307
[1] 35.43307
[1] 33.07087
[1] 36.22047
[1] 33.07087
[1] 36.22047
[1] 36.22047
[1] 37.00787
[1] 36.22047
[1] 37.00787
[1] 36.22047
[1] 37.00787
[1] 33.85827
[1] 37.00787
[1] 33.85827
[1] 37.00787
[1] 34.64567
[1] 34.64567
[1] 36.22047
[1] 36.22047
[1] 36.22047
[1] 37.79528
[1] 36.22047
[1] 37.00787
[1] 37.79528
[1] 37.00787
[1] 37.00787
[1] 37.79528
[1] 37.00787
[1] 37.79528
[1] 37.79528
[1] 38.58268
[1] 38.58268
[1] 38.58268
[1] 38.58268
[1] 37.79528
[1] 37.79528
[1] 38.58268
[1] 37.79528
[1] 35.43307
[1] 37.79528
[1] 39.37008
[1] 35.43307
[1] 40.15748
[1] 39.37008
[1] 40.15748
[1] 39.37008
[1] 40.15748
[1] 39.37008
[1] 40.15748
[1] 39.37008
[1] 40.15748
[1] 38.58268
[1] 38.58268
[1] 38.58268
[1] 38.58268
[1] 40.94488
[1] 41.73228
[1] 39.37008
[1] 39.37008
[1] 40.15748
[1] 40.15748
[1] 40.94488
[1] 41.73228
[1] 39.37008
[1] 36.22047
[1] 40.15748
[1] 40.94488
[1] 41.73228
[1] 39.37008
[1] 40.94488
[1] 41.73228
[1] 40.15748
[1] 37.00787
[1] 40.94488
[1] 41.73228
[1] 36.22047
[1] 37.00787
[1] 40.94488
[1] 41.73228
[1] 40.94488
[1] 41.73228
[1] 40.94488
[1] 41.73228
[1] 40.94488
[1] 41.73228
[1] 37.79528
[1] 37.79528
[1] 38.58268
[1] 38.58268
[1] 39.37008
[1] 40.15748
[1] 42.51969
[1] 42.51969
[1] 42.51969
[1] 42.51969
[1] 39.37008
[1] 40.15748
[1] 42.51969
[1] 43.30709
[1] 44.09449
[1] 43.30709
[1] 44.09449
[1] 43.30709
[1] 44.09449
[1] 43.30709
[1] 40.94488
[1] 41.73228
[1] 44.09449
[1] 43.30709
[1] 44.09449
[1] 42.51969
[1] 42.51969
[1] 42.51969
[1] 44.88189
[1] 42.51969
[1] 44.88189
[1] 40.94488
[1] 41.73228
[1] 44.88189
[1] 44.88189
[1] 43.30709
[1] 44.88189
[1] 43.30709
[1] 44.09449
[1] 44.09449
[1] 43.30709
[1] 44.09449
[1] 43.30709
[1] 44.09449
[1] 44.88189
[1] 44.88189
[1] 44.88189
[1] 44.88189
[1] 45.66929
[1] 45.66929
[1] 45.66929
[1] 45.66929
[1] 42.51969
[1] 45.66929
[1] 43.30709
[1] 44.09449
[1] 45.66929
[1] 42.51969
[1] 45.66929
[1] 45.66929
[1] 45.66929
[1] 44.88189
[1] 43.30709
[1] 44.09449
[1] 44.88189
[1] 45.66929
[1] 46.45669
[1] 46.45669
[1] 46.45669
[1] 46.45669
[1] 45.66929
[1] 46.45669
[1] 47.24409
[1] 47.24409
[1] 47.24409
[1] 47.24409
[1] 47.24409
[1] 46.45669
[1] 46.45669
[1] 46.45669
[1] 46.45669
[1] 47.24409
[1] 47.24409
[1] 47.24409
[1] 47.24409
[1] 46.45669
[1] 47.24409
[1] 46.45669
[1] 47.24409
[1] 48.0315
[1] 48.0315
[1] 48.0315
[1] 48.0315
[1] 48.0315
[1] 48.0315
[1] 48.0315
[1] 48.0315
[1] 48.0315
[1] 48.8189
[1] 48.8189
[1] 48.8189
[1] 48.8189
[1] 48.8189
[1] 48.8189
[1] 48.8189
[1] 48.8189
[1] 48.8189
[1] 48.0315
[1] 48.0315
[1] 49.6063
[1] 49.6063
[1] 49.6063
[1] 49.6063
[1] 49.6063
[1] 48.8189
[1] 49.6063
[1] 49.6063
[1] 49.6063
[1] 49.6063
[1] 48.8189
[1] 50.3937
[1] 50.3937
[1] 50.3937
[1] 50.3937
[1] 50.3937
[1] 50.3937
[1] 50.3937
[1] 50.3937
[1] 50.3937
[1] 49.6063
[1] 49.6063
[1] 51.1811
[1] 51.1811
[1] 51.1811
[1] 51.1811
[1] 51.1811
[1] 51.1811
[1] 51.1811
[1] 51.1811
[1] 51.1811
[1] 50.3937
[1] 50.3937
[1] 51.1811
[1] 51.9685
[1] 51.9685
[1] 51.9685
[1] 51.9685
[1] 51.9685
[1] 51.1811
[1] 51.9685
[1] 51.9685
[1] 51.9685
[1] 51.9685
[1] 51.9685
[1] 51.9685
[1] 52.75591
[1] 52.75591
[1] 52.75591
[1] 53.54331
[1] 52.75591
[1] 53.54331
[1] 53.54331
[1] 52.75591
[1] 53.54331
[1] 53.54331
[1] 52.75591
[1] 52.75591
[1] 53.54331
[1] 52.75591
[1] 53.54331
[1] 53.54331
[1] 52.75591
[1] 53.54331
[1] 52.75591
[1] 53.54331
[1] 52.75591
[1] 53.54331
[1] 54.33071
[1] 54.33071
[1] 54.33071
[1] 54.33071
[1] 54.33071
[1] 54.33071
[1] 54.33071
[1] 54.33071
[1] 54.33071
[1] 54.33071
[1] 54.33071
[1] 55.11811
[1] 55.11811
[1] 55.11811
[1] 55.11811
[1] 55.11811
[1] 55.11811
[1] 55.11811
[1] 55.11811
[1] 55.11811
[1] 55.90551
[1] 55.90551
[1] 55.90551
[1] 55.90551
[1] 55.11811
[1] 55.11811
[1] 55.90551
[1] 55.90551
[1] 55.90551
[1] 55.90551
[1] 56.69291
[1] 56.69291
[1] 56.69291
[1] 56.69291
[1] 56.69291
[1] 55.90551
[1] 55.90551
[1] 55.90551
[1] 56.69291
[1] 56.69291
[1] 56.69291
[1] 56.69291
[1] 56.69291
[1] 56.69291
[1] 57.48031
[1] 57.48031
[1] 57.48031
[1] 57.48031
[1] 57.48031
[1] 57.48031
[1] 57.48031
[1] 58.26772
[1] 58.26772
[1] 58.26772
[1] 57.48031
[1] 58.26772
[1] 58.26772
[1] 57.48031
[1] 58.26772
[1] 58.26772
[1] 58.26772
[1] 57.48031
[1] 59.05512
[1] 59.05512
[1] 59.05512
[1] 57.48031
[1] 58.26772
[1] 59.05512
[1] 59.05512
[1] 58.26772
[1] 59.05512
[1] 59.05512
[1] 59.05512
[1] 58.26772
[1] 59.05512
[1] 59.84252
[1] 59.84252
[1] 59.05512
[1] 59.84252
[1] 59.84252
[1] 59.84252
[1] 60.62992
[1] 59.05512
[1] 60.62992
[1] 60.62992
[1] 59.84252
[1] 59.84252
[1] 60.62992
[1] 59.84252
[1] 60.62992
[1] 59.84252
[1] 60.62992
[1] 60.62992
[1] 60.62992
[1] 59.84252
[1] 60.62992
[1] 60.62992
[1] 59.84252
[1] 61.41732
[1] 61.41732
[1] 61.41732
[1] 61.41732
[1] 61.41732
[1] 61.41732
[1] 60.62992
[1] 61.41732
[1] 61.41732
[1] 61.41732
[1] 62.20472
[1] 62.20472
[1] 62.20472
[1] 62.20472
[1] 62.20472
[1] 61.41732
[1] 62.20472
[1] 62.20472
[1] 62.20472
[1] 62.20472
[1] 62.99213
[1] 62.99213
[1] 62.99213
[1] 62.99213
[1] 62.99213
[1] 61.41732
[1] 62.20472
[1] 62.99213
[1] 63.77953
[1] 63.77953
[1] 63.77953
[1] 63.77953
[1] 62.99213
[1] 62.99213
[1] 63.77953
[1] 62.99213
[1] 63.77953
[1] 62.20472
[1] 63.77953
[1] 63.77953
[1] 62.99213
[1] 63.77953
[1] 64.56693
[1] 64.56693
[1] 64.56693
[1] 64.56693
[1] 64.56693
[1] 63.77953
[1] 64.56693
[1] 62.99213
[1] 64.56693
[1] 64.56693
[1] 64.56693
[1] 63.77953
[1] 64.56693
[1] 65.35433
[1] 65.35433
[1] 65.35433
[1] 65.35433
[1] 65.35433
[1] 65.35433
[1] 64.56693
[1] 65.35433
[1] 65.35433
[1] 65.35433
[1] 66.14173
[1] 66.14173
[1] 66.14173
[1] 66.14173
[1] 66.14173
[1] 66.14173
[1] 65.35433
[1] 66.14173
[1] 66.14173
[1] 66.14173
[1] 66.14173
[1] 66.92913
[1] 66.92913
[1] 65.35433
[1] 66.92913
[1] 66.92913
[1] 66.92913
[1] 66.92913
[1] 66.92913
[1] 66.92913
[1] 66.92913
[1] 66.14173
[1] 67.71654
[1] 67.71654
[1] 67.71654
[1] 67.71654
[1] 68.50394
[1] 69.29134
[1] 70.07874
[1] 68.50394
[1] 69.29134
[1] 70.07874
[1] 68.50394
[1] 69.29134
[1] 70.07874
[1] 68.50394
[1] 67.71654
[1] 69.29134
[1] 70.07874
[1] 67.71654
[1] 68.50394
[1] 69.29134
[1] 70.07874
[1] 68.50394
[1] 69.29134
[1] 70.07874
[1] 66.92913
[1] 67.71654
[1] 68.50394
[1] 69.29134
[1] 70.07874
[1] 70.86614
[1] 70.86614
[1] 70.86614
[1] 70.86614
[1] 67.71654
[1] 67.71654
[1] 70.86614
[1] 70.86614
[1] 68.50394
[1] 69.29134
[1] 70.07874
[1] 68.50394
[1] 69.29134
[1] 70.07874
[1] 71.65354
[1] 71.65354
[1] 71.65354
[1] 71.65354
[1] 71.65354
[1] 70.86614
[1] 71.65354
[1] 72.44094
[1] 73.22835
[1] 72.44094
[1] 73.22835
[1] 72.44094
[1] 73.22835
[1] 72.44094
[1] 67.71654
[1] 73.22835
[1] 74.01575
[1] 74.80315
[1] 70.86614
[1] 74.01575
[1] 70.86614
[1] 74.80315
[1] 72.44094
[1] 73.22835
[1] 74.01575
[1] 74.01575
[1] 74.80315
[1] 74.80315
[1] 68.50394
[1] 72.44094
[1] 69.29134
[1] 73.22835
[1] 70.07874
[1] 74.01575
[1] 74.80315
[1] 74.01575
[1] 74.80315
[1] 71.65354
[1] 75.59055
[1] 75.59055
[1] 75.59055
[1] 75.59055
[1] 76.37795
[1] 71.65354
[1] 75.59055
[1] 71.65354
[1] 72.44094
[1] 73.22835
[1] 76.37795
[1] 76.37795
[1] 76.37795
[1] 75.59055
[1] 74.01575
[1] 74.80315
[1] 76.37795
[1] 77.16535
[1] 76.37795
[1] 77.16535
[1] 77.16535
[1] 77.16535
[1] 70.86614
[1] 77.16535
[1] 66.92913
[1] 72.44094
[1] 73.22835
[1] 72.44094
[1] 73.22835
[1] 77.16535
[1] 74.01575
[1] 74.80315
[1] 74.01575
[1] 74.80315
[1] 75.59055
[1] 77.95276
[1] 77.95276
[1] 76.37795
[1] 77.95276
[1] 77.95276
[1] 77.95276
[1] 77.95276
[1] 77.16535
[1] 71.65354
[1] 75.59055
[1] 78.74016
[1] 79.52756
[1] 75.59055
[1] 78.74016
[1] 79.52756
[1] 78.74016
[1] 79.52756
[1] 78.74016
[1] 79.52756
[1] 78.74016
[1] 79.52756
[1] 76.37795
[1] 76.37795
[1] 80.31496
[1] 78.74016
[1] 79.52756
[1] 80.31496
[1] 80.31496
[1] 80.31496
[1] 80.31496
[1] 77.16535
[1] 72.44094
[1] 73.22835
[1] 77.95276
[1] 77.16535
[1] 80.31496
[1] 74.01575
[1] 74.80315
[1] 81.10236
[1] 81.10236
[1] 81.10236
[1] 78.74016
[1] 81.10236
[1] 79.52756
[1] 81.10236
[1] 77.95276
[1] 81.10236
[1] 77.95276
[1] 80.31496
[1] 75.59055
[1] 78.74016
[1] 79.52756
[1] 76.37795
[1] 67.71654
[1] 78.74016
[1] 79.52756
[1] 81.88976
[1] 81.88976
[1] 81.10236
[1] 81.88976
[1] 81.88976
[1] 81.88976
[1] 80.31496
[1] 68.50394
[1] 69.29134
[1] 70.07874
[1] 77.16535
[1] 80.31496
[1] 81.88976
[1] 82.67717
[1] 82.67717
[1] 82.67717
[1] 82.67717
[1] 82.67717
[1] 81.10236
[1] 82.67717
[1] 77.95276
[1] 81.10236
[1] 81.88976
[1] 83.46457
[1] 83.46457
[1] 83.46457
[1] 83.46457
[1] 83.46457
[1] 78.74016
[1] 79.52756
[1] 84.25197
[1] 82.67717
[1] 83.46457
[1] 84.25197
[1] 84.25197
[1] 84.25197
[1] 70.86614
[1] 84.25197
[1] 81.88976
[1] 80.31496
[1] 85.03937
[1] 84.25197
[1] 81.88976
[1] 85.03937
[1] 85.03937
[1] 85.03937
[1] 85.03937
[1] 83.46457
[1] 82.67717
[1] 85.03937
[1] 81.10236
[1] 84.25197
[1] 82.67717
[1] 85.82677
[1] 85.82677
[1] 85.82677
[1] 85.82677
[1] 85.82677
[1] 71.65354
[1] 83.46457
[1] 85.03937
[1] 85.82677
[1] 83.46457
[1] 84.25197
[1] 86.61417
[1] 86.61417
[1] 81.88976
[1] 87.40157
[1] 87.40157
[1] 72.44094
[1] 73.22835
[1] 84.25197
[1] 86.61417
[1] 85.82677
[1] 87.40157
[1] 86.61417
[1] 86.61417
[1] 87.40157
[1] 85.03937
[1] 87.40157
[1] 74.01575
[1] 74.80315
[1] 88.18898
[1] 88.18898
[1] 86.61417
[1] 88.18898
[1] 87.40157
[1] 88.18898
[1] 88.18898
[1] 85.03937
[1] 88.97638
[1] 88.97638
[1] 82.67717
[1] 88.97638
[1] 88.97638
[1] 88.18898
[1] 88.97638
[1] 89.76378
[1] 85.82677
[1] 90.55118
[1] 89.76378
[1] 90.55118
[1] 91.33858
[1] 86.61417
[1] 91.33858
[1] 92.12598
[1] 89.76378
[1] 92.91339
[1] 87.40157
[1] 92.12598
[1] 90.55118
[1] 93.70079
[1] 89.76378
[1] 92.91339
[1] 89.76378
[1] 90.55118
[1] 93.70079
[1] 94.48819
[1] 88.97638
[1] 91.33858
[1] 90.55118
[1] 91.33858
[1] 94.48819
[1] 92.12598
[1] 92.91339
[1] 91.33858
[1] 92.12598
[1] 93.70079
[1] 75.59055
[1] 92.91339
[1] 92.12598
[1] 93.70079
[1] 92.91339
[1] 94.48819
[1] 93.70079
[1] 85.82677
[1] 94.48819
[1] 94.48819
[1] 88.18898
[1] 83.46457
[1] 89.76378
[1] 90.55118
[1] 91.33858
[1] 76.37795
[1] 92.12598
[1] 92.91339
[1] 93.70079
[1] 88.97638
[1] 94.48819
[1] 84.25197
[1] 86.61417
[1] 87.40157
[1] 89.76378
[1] 90.55118
[1] 77.16535
[1] 91.33858
[1] 92.12598
[1] 92.91339
[1] 93.70079
[1] 94.48819
[1] 88.18898
[1] 85.03937
[1] 86.61417
[1] 87.40157
[1] 88.97638
[1] 88.18898
[1] 89.76378
[1] 90.55118
[1] 91.33858
[1] 77.95276
[1] 92.12598
[1] 92.91339
[1] 93.70079
[1] 85.82677
[1] 88.97638
[1] 94.48819
[1] 89.76378
[1] 90.55118
[1] 91.33858
[1] 92.12598
[1] 92.91339
[1] 93.70079
[1] 78.74016
[1] 79.52756
[1] 94.48819
[1] 95.27559
[1] 95.27559
[1] 86.61417
[1] 80.31496
[1] 87.40157
[1] 95.27559
[1] 95.27559
[1] 95.27559
[1] 88.18898
[1] 96.06299
[1] 95.27559
[1] 96.85039
[1] 96.06299
[1] 88.97638
[1] 96.85039
[1] 96.06299
[1] 96.06299
[1] 81.10236
[1] 97.6378
[1] 96.06299
[1] 96.85039
[1] 95.27559
[1] 96.85039
[1] 96.85039
[1] 89.76378
[1] 90.55118
[1] 97.6378
[1] 91.33858
[1] 92.12598
[1] 97.6378
[1] 92.91339
[1] 97.6378
[1] 96.06299
[1] 93.70079
[1] 97.6378
[1] 94.48819
[1] 96.85039
[1] 98.4252
[1] 98.4252
[1] 96.06299
[1] 97.6378
[1] 96.85039
[1] 98.4252
[1] 98.4252
[1] 98.4252
[1] 95.27559
[1] 99.2126
[1] 97.6378
[1] 100
[1] 98.4252
[1] 81.88976
[1] 99.2126
[1] 99.2126
[1] 100
[1] 99.2126
[1] 99.2126
[1] 98.4252
[1] 100
[1] 96.06299
[1] 100
[1] 100
[1] 95.27559
[1] 96.85039
[1] 99.2126
[1] 82.67717
[1] 97.6378
[1] 100
[1] 99.2126
[1] 100
[1] 96.06299
[1] 98.4252
[1] 96.85039
[1] 83.46457
[1] 97.6378
[1] 99.2126
[1] 84.25197
[1] 100
[1] 98.4252
[1] 95.27559
[1] 85.03937
[1] 99.2126
[1] 100
[1] 96.06299
[1] 96.85039
[1] 85.82677
[1] 97.6378
[1] 98.4252
[1] 86.61417
[1] 87.40157
[1] 99.2126
[1] 100
[1] 88.18898
[1] 88.97638
[1] 89.76378
[1] 90.55118
[1] 91.33858
[1] 92.12598
[1] 92.91339
[1] 93.70079
Setting direction: controls > cases
[1] 94.48819
Setting direction: controls > cases
Setting direction: controls > cases
Setting direction: controls > cases
Setting direction: controls > cases
Setting direction: controls > cases
Setting direction: controls > cases
Setting direction: controls > cases
Setting direction: controls > cases
Setting direction: controls > cases
Setting direction: controls > cases
Setting direction: controls > cases
Setting direction: controls > cases
Setting direction: controls > cases
Setting direction: controls > cases
Setting direction: controls > cases
[1] 95.27559
[1] 96.06299
[1] 96.85039
Setting direction: controls > cases
[1] 97.6378
Setting direction: controls > cases
[1] 98.4252
Setting direction: controls > cases
[1] 99.2126
Setting direction: controls > cases
[1] 100
Setting direction: controls > cases
Setting direction: controls > cases
[[1]]
null device 
          1 

[[2]]
null device 
          1 

[[3]]
null device 
          1 

[[4]]
null device 
          1 

[[5]]
null device 
          1 

[[6]]
null device 
          1 

[[7]]
null device 
          1 

[[8]]
null device 
          1 

[[9]]
null device 
          1 

[[10]]
null device 
          1 

[[11]]
null device 
          1 

