Restoring modules from user's my_modules
── Attaching core tidyverse packages ──────────────────────── tidyverse 2.0.0 ──
✔ dplyr     1.1.2     ✔ readr     2.1.4
✔ forcats   1.0.0     ✔ stringr   1.5.0
✔ ggplot2   3.4.2     ✔ tibble    3.2.1
✔ lubridate 1.9.2     ✔ tidyr     1.3.0
✔ purrr     1.0.1     
── Conflicts ────────────────────────────────────────── tidyverse_conflicts() ──
✖ dplyr::filter() masks stats::filter()
✖ dplyr::lag()    masks stats::lag()
ℹ Use the conflicted package (<http://conflicted.r-lib.org/>) to force all conflicts to become errors
------------------------------------------------------------------------------
You have loaded plyr after dplyr - this is likely to cause problems.
If you need functions from both plyr and dplyr, please load plyr first, then dplyr:
library(plyr); library(dplyr)
------------------------------------------------------------------------------

Attaching package: ‘plyr’

The following objects are masked from ‘package:dplyr’:

    arrange, count, desc, failwith, id, mutate, rename, summarise,
    summarize

The following object is masked from ‘package:purrr’:

    compact


Attaching package: ‘pracma’

The following object is masked from ‘package:purrr’:

    cross


Attaching package: ‘data.table’

The following objects are masked from ‘package:lubridate’:

    hour, isoweek, mday, minute, month, quarter, second, wday, week,
    yday, year

The following objects are masked from ‘package:dplyr’:

    between, first, last

The following object is masked from ‘package:purrr’:

    transpose

Loading required package: foreach

Attaching package: ‘foreach’

The following objects are masked from ‘package:purrr’:

    accumulate, when

Loading required package: iterators

Attaching package: ‘MASS’

The following object is masked from ‘package:dplyr’:

    select

Type 'citation("pROC")' for a citation.

Attaching package: ‘pROC’

The following objects are masked from ‘package:stats’:

    cov, smooth, var

[1] 40
[1] 190
[1] 1.052632
[1] 1.578947
[1] 2.105263
[1] 2.631579
[1] 3.157895
[1] 3.684211
[1] 4.210526
[1] 4.736842
[1] 5.263158
[1] 5.789474
[1] 6.315789
[1] 6.842105
[1] 7.368421
[1] 7.894737
[1] 8.421053
[1] 8.947368
[1] 9.473684
[1] 10
[1] 10.52632
[1] 11.05263
[1] 11.57895
[1] 12.10526
[1] 12.63158
[1] 13.15789
[1] 13.68421
[1] 14.21053
[1] 14.73684
[1] 15.26316
[1] 15.78947
[1] 16.31579
[1] 16.84211
[1] 17.36842
[1] 17.89474
[1] 18.42105
[1] 18.94737
[1] 19.47368
[1] 20
[1] 20.52632
[1] 21.05263
[1] 21.57895
[1] 22.10526
[1] 22.63158
[1] 23.15789
[1] 23.68421
[1] 24.21053
[1] 24.73684
[1] 25.26316
[1] 25.78947
[1] 26.31579
[1] 26.84211
[1] 27.36842
[1] 27.89474
[1] 28.42105
[1] 28.94737
[1] 29.47368
[1] 30
[1] 30.52632
[1] 31.05263
[1] 31.57895
[1] 32.10526
[1] 32.63158
[1] 33.15789
[1] 33.68421
[1] 34.21053
[1] 34.73684
[1] 35.26316
[1] 35.78947
[1] 36.31579
[1] 36.84211
[1] 37.36842
[1] 37.89474
[1] 38.42105
[1] 38.94737
[1] 39.47368
[1] 40
[1] 40.52632
[1] 41.05263
[1] 41.57895
[1] 42.10526
[1] 42.63158
[1] 43.15789
[1] 43.68421
[1] 44.21053
[1] 44.73684
[1] 45.26316
[1] 45.78947
[1] 46.31579
[1] 46.84211
[1] 47.36842
[1] 47.89474
[1] 48.42105
[1] 48.94737
[1] 49.47368
[1] 50
[1] 50.52632
[1] 51.05263
[1] 51.57895
[1] 52.10526
[1] 52.63158
[1] 53.15789
[1] 53.68421
[1] 54.21053
[1] 54.73684
[1] 55.26316
[1] 55.78947
[1] 56.31579
[1] 56.84211
[1] 57.36842
[1] 57.89474
[1] 58.42105
[1] 58.94737
[1] 59.47368
[1] 60
[1] 60.52632
[1] 61.05263
[1] 61.57895
[1] 62.10526
[1] 62.63158
[1] 63.15789
[1] 63.68421
[1] 64.21053
[1] 64.73684
[1] 65.26316
integer64
[1] 57816099999
[1] "FM-12"
[1] 65.78947
integer64
[1] 57957099999
[1] "FM-12"
[1] 66.31579
[1] 66.84211
[1] 67.36842
[1] 67.89474
[1] 68.42105
[1] 68.94737
integer64
[1] 60156099999
[1] "FM-12"
[1] 69.47368
integer64
[1] 60230099999
[1] "FM-12"
[1] 70
[1] 70.52632
[1] 71.05263
integer64
[1] 60680599999
[1] "FM-12"
[1] 71.57895
integer64
[1] 60715099999
[1] "SY-MT"
[1] 72.10526
[1] 72.63158
[1] 73.15789
[1] 73.68421
[1] 74.21053
[1] 74.73684
[1] 75.26316
[1] 75.78947
[1] 76.31579
[1] 76.84211
integer64
[1] 71395099999
[1] "FM-12"
[1] 77.36842
[1] 77.89474
integer64
[1] 71627094792
[1] "FM-12"
[1] 78.42105
[1] 78.94737
[1] 79.47368
[1] 80
integer64
[1] 71892099999
[1] "FM-12"
[1] 80.52632
[1] 81.05263
[1] 81.57895
[1] 82.10526
[1] 82.63158
integer64
[1] 72327013897
[1] "FM-12"
[1] 83.15789
[1] 83.68421
[1] 84.21053
[1] 84.73684
integer64
[1] 74486094789
[1] "FM-12"
[1] 85.26316
[1] 85.78947
[1] 86.31579
[1] 86.84211
[1] 87.36842
[1] 87.89474
[1] 88.42105
[1] 88.94737
integer64
[1] 83746099999
[1] "FM-12"
[1] 89.47368
[1] 90
[1] 90.52632
[1] 91.05263
[1] 91.57895
[1] 92.10526
[1] 92.63158
integer64
[1] 91683099999
[1] "FM-12"
[1] 93.15789
[1] 93.68421
integer64
[1] 94120099999
[1] "FM-12"
[1] 94.21053
[1] 94.73684
integer64
[1] 94610099999
[1] "FM-12"
[1] 95.26316
[1] 95.78947
[1] 96.31579
[1] 96.84211
[1] 97.36842
integer64
[1] 94975099999
[1] "FM-12"
[1] 97.89474
[1] 98.42105
[1] 98.94737
[1] 99.47368
[1] 100
[1] "Data Uploaded"
[1] "Station list"
  [1]  1384099999  2464099999  4030099999  4250099999  6180099999 11036099999
  [7] 12375099999 13272099999 15421099999 15614099999 16105099999 16560099999
 [13] 16597099999 16754099999 17038099999 17060099999 17128099999 17170099999
 [19] 22113099999 22550099999 23226099999 23849099999 26063099999 27595099999
 [25] 28440099999 28698099999 29846099999 30710099999 30758099999 31735099999
 [31] 32150099999 34560099999 34861099999 35121099999 37864099999 38880099999
 [37] 40180099999 40437099999 40738099999 40745099999 40754099999 40848099999
 [43] 40856099999 41024099999 41140099999 41194099999 41256099999 41780099999
 [49] 42339099999 42410099999 42492099999 42623099999 42647099999 42667099999
 [55] 42809099999 43003099999 43128099999 43279099999 44292099999 45007099999
 [61] 47058099999 48327099999 48456099999 48565099999 48647099999 48698099999
 [67] 50136099999 50745099999 51828099999 52866099999 53463099999 53614099999
 [73] 54161099999 54511099999 54662099999 54857099999 55591099999 56778099999
 [79] 57083099999 57494099999 57516099999 57957099999 58606099999 59134099999
 [85] 60141099999 60390099999 60490099999 61641099999 67083099999 71123099999
 [91] 71265099999 71801099999 71866099999 71877099999 71896099999 71936099999
 [97] 72259003927 72509014739 72524014820 72572024127 82193099999 82398099999
[103] 83248099999 83378099999 85442099999 85574099999 85934099999 86218099999
[109] 87582099999 93845099999 94864099999 96035099999 96633099999 96749099999
[115] 97180099999 97724099999
[1] "Function Imported"
[1] "thre_50"
[1] 0.862069
[1] "thre_55"
[1] 0.862069
[1] "thre_60"
[1] 0.862069
[1] "thre_65"
[1] 0.862069
[1] "thre_70"
[1] 0.862069
[1] "thre_75"
[1] 0.862069
[1] "thre_80"
[1] 0.862069
[1] "thre_85"
[1] 0.862069
[1] "thre_90"
[1] 0.862069
[1] "thre_95"
[1] 0.862069
[1] "thre_100"
[1] 0.862069
[1] 1.724138
[1] 1.724138
[1] 1.724138
[1] 1.724138
[1] 1.724138
[1] 1.724138
[1] 1.724138
[1] 1.724138
[1] 1.724138
[1] 1.724138
[1] 1.724138
[1] 2.586207
[1] 2.586207
[1] 2.586207
[1] 2.586207
[1] 2.586207
[1] 2.586207
[1] 2.586207
[1] 2.586207
[1] 2.586207
[1] 2.586207
[1] 2.586207
[1] 3.448276
[1] 3.448276
[1] 3.448276
[1] 3.448276
[1] 3.448276
[1] 3.448276
[1] 3.448276
[1] 3.448276
[1] 3.448276
[1] 3.448276
[1] 3.448276
[1] 4.310345
[1] 4.310345
[1] 4.310345
[1] 4.310345
[1] 4.310345
[1] 4.310345
[1] 4.310345
[1] 4.310345
[1] 4.310345
[1] 4.310345
[1] 5.172414
[1] 5.172414
[1] 5.172414
[1] 4.310345
[1] 5.172414
[1] 5.172414
[1] 5.172414
[1] 5.172414
[1] 5.172414
[1] 5.172414
[1] 5.172414
[1] 5.172414
[1] 6.034483
[1] 6.034483
[1] 6.034483
[1] 6.034483
[1] 6.034483
[1] 6.034483
[1] 6.034483
[1] 6.034483
[1] 6.034483
[1] 6.034483
[1] 6.034483
[1] 6.896552
[1] 6.896552
[1] 6.896552
[1] 6.896552
[1] 6.896552
[1] 7.758621
[1] 6.896552
[1] 6.896552
[1] 6.896552
[1] 7.758621
[1] 6.896552
[1] 6.896552
[1] 7.758621
[1] 7.758621
[1] 7.758621
[1] 7.758621
[1] 7.758621
[1] 7.758621
[1] 8.62069
[1] 7.758621
[1] 7.758621
[1] 8.62069
[1] 8.62069
[1] 8.62069
[1] 8.62069
[1] 8.62069
[1] 8.62069
[1] 8.62069
[1] 8.62069
[1] 8.62069
[1] 6.896552
[1] 7.758621
[1] 8.62069
[1] 9.482759
[1] 9.482759
[1] 9.482759
[1] 9.482759
[1] 9.482759
[1] 10.34483
[1] 10.34483
[1] 10.34483
[1] 10.34483
[1] 11.2069
[1] 10.34483
[1] 9.482759
[1] 9.482759
[1] 11.2069
[1] 11.2069
[1] 9.482759
[1] 11.2069
[1] 9.482759
[1] 9.482759
[1] 11.2069
[1] 10.34483
[1] 10.34483
[1] 10.34483
[1] 10.34483
[1] 10.34483
[1] 11.2069
[1] 11.2069
[1] 11.2069
[1] 11.2069
[1] 12.06897
[1] 11.2069
[1] 12.06897
[1] 12.06897
[1] 12.06897
[1] 12.06897
[1] 12.06897
[1] 12.06897
[1] 12.06897
[1] 12.06897
[1] 12.06897
[1] 9.482759
[1] 10.34483
[1] 11.2069
[1] 12.06897
[1] 12.93103
[1] 12.93103
[1] 12.93103
[1] 12.93103
[1] 12.93103
[1] 12.93103
[1] 12.93103
[1] 12.93103
[1] 12.93103
[1] 12.93103
[1] 12.93103
[1] 13.7931
[1] 13.7931
[1] 13.7931
[1] 13.7931
[1] 13.7931
[1] 13.7931
[1] 13.7931
[1] 13.7931
[1] 13.7931
[1] 13.7931
[1] 13.7931
[1] 14.65517
[1] 14.65517
[1] 14.65517
[1] 14.65517
[1] 14.65517
[1] 14.65517
[1] 14.65517
[1] 14.65517
[1] 14.65517
[1] 14.65517
[1] 14.65517
[1] 15.51724
[1] 15.51724
[1] 15.51724
[1] 15.51724
[1] 15.51724
[1] 15.51724
[1] 15.51724
[1] 15.51724
[1] 15.51724
[1] 15.51724
[1] 16.37931
[1] 16.37931
[1] 16.37931
[1] 16.37931
[1] 16.37931
[1] 16.37931
[1] 15.51724
[1] 16.37931
[1] 16.37931
[1] 16.37931
[1] 16.37931
[1] 17.24138
[1] 17.24138
[1] 17.24138
[1] 17.24138
[1] 17.24138
[1] 17.24138
[1] 17.24138
[1] 17.24138
[1] 17.24138
[1] 17.24138
[1] 18.10345
[1] 18.10345
[1] 18.10345
[1] 18.10345
[1] 18.10345
[1] 16.37931
[1] 18.10345
[1] 18.10345
[1] 18.10345
[1] 18.10345
[1] 18.10345
[1] 18.96552
[1] 18.96552
[1] 18.96552
[1] 17.24138
[1] 18.96552
[1] 18.96552
[1] 18.96552
[1] 18.96552
[1] 18.96552
[1] 18.96552
[1] 18.96552
[1] 18.10345
[1] 19.82759
[1] 19.82759
[1] 19.82759
[1] 19.82759
[1] 19.82759
[1] 19.82759
[1] 19.82759
[1] 19.82759
[1] 19.82759
[1] 19.82759
[1] 18.96552
[1] 19.82759
[1] 20.68966
[1] 20.68966
[1] 20.68966
[1] 20.68966
[1] 20.68966
[1] 20.68966
[1] 20.68966
[1] 20.68966
[1] 20.68966
[1] 20.68966
[1] 21.55172
[1] 21.55172
[1] 21.55172
[1] 21.55172
[1] 21.55172
[1] 22.41379
[1] 21.55172
[1] 22.41379
[1] 22.41379
[1] 21.55172
[1] 22.41379
[1] 21.55172
[1] 21.55172
[1] 22.41379
[1] 21.55172
[1] 22.41379
[1] 22.41379
[1] 22.41379
[1] 22.41379
[1] 22.41379
[1] 20.68966
[1] 23.27586
[1] 23.27586
[1] 23.27586
[1] 23.27586
[1] 23.27586
[1] 23.27586
[1] 23.27586
[1] 23.27586
[1] 23.27586
[1] 23.27586
[1] 21.55172
[1] 22.41379
[1] 24.13793
[1] 24.13793
[1] 24.13793
[1] 24.13793
[1] 24.13793
[1] 24.13793
[1] 24.13793
[1] 24.13793
[1] 24.13793
[1] 24.13793
[1] 23.27586
[1] 25
[1] 25
[1] 25
[1] 24.13793
[1] 25
[1] 25
[1] 25
[1] 25
[1] 25
[1] 25
[1] 25
[1] 25.86207
[1] 25.86207
[1] 25.86207
[1] 25.86207
[1] 25.86207
[1] 25.86207
[1] 25.86207
[1] 25.86207
[1] 25.86207
[1] 25.86207
[1] 25
[1] 25.86207
[1] 26.72414
[1] 26.72414
[1] 26.72414
[1] 26.72414
[1] 26.72414
[1] 26.72414
[1] 26.72414
[1] 26.72414
[1] 26.72414
[1] 26.72414
[1] 27.58621
[1] 27.58621
[1] 27.58621
[1] 27.58621
[1] 27.58621
[1] 26.72414
[1] 27.58621
[1] 27.58621
[1] 27.58621
[1] 27.58621
[1] 27.58621
[1] 28.44828
[1] 28.44828
[1] 28.44828
[1] 28.44828
[1] 28.44828
[1] 27.58621
[1] 29.31034
[1] 29.31034
[1] 29.31034
[1] 29.31034
[1] 29.31034
[1] 28.44828
[1] 28.44828
[1] 28.44828
[1] 28.44828
[1] 28.44828
[1] 29.31034
[1] 29.31034
[1] 29.31034
[1] 29.31034
[1] 29.31034
[1] 30.17241
[1] 30.17241
[1] 30.17241
[1] 28.44828
[1] 30.17241
[1] 30.17241
[1] 29.31034
[1] 31.03448
[1] 31.03448
[1] 30.17241
[1] 31.03448
[1] 30.17241
[1] 31.03448
[1] 31.03448
[1] 30.17241
[1] 30.17241
[1] 30.17241
[1] 31.03448
[1] 31.03448
[1] 31.89655
[1] 31.89655
[1] 31.89655
[1] 31.89655
[1] 31.89655
[1] 31.03448
[1] 31.03448
[1] 31.03448
[1] 31.89655
[1] 31.89655
[1] 32.75862
[1] 32.75862
[1] 31.89655
[1] 32.75862
[1] 32.75862
[1] 32.75862
[1] 31.89655
[1] 31.89655
[1] 33.62069
[1] 33.62069
[1] 33.62069
[1] 32.75862
[1] 33.62069
[1] 30.17241
[1] 33.62069
[1] 32.75862
[1] 32.75862
[1] 32.75862
[1] 34.48276
[1] 34.48276
[1] 32.75862
[1] 34.48276
[1] 33.62069
[1] 34.48276
[1] 31.03448
[1] 33.62069
[1] 34.48276
[1] 33.62069
[1] 33.62069
[1] 33.62069
[1] 34.48276
[1] 34.48276
[1] 31.89655
[1] 34.48276
[1] 34.48276
[1] 35.34483
[1] 35.34483
[1] 35.34483
[1] 35.34483
[1] 35.34483
[1] 34.48276
[1] 32.75862
[1] 35.34483
[1] 35.34483
[1] 35.34483
[1] 35.34483
[1] 33.62069
[1] 36.2069
[1] 36.2069
[1] 35.34483
[1] 36.2069
[1] 36.2069
[1] 36.2069
[1] 37.06897
[1] 37.06897
[1] 37.06897
[1] 37.06897
[1] 37.06897
[1] 34.48276
[1] 37.93103
[1] 37.93103
[1] 36.2069
[1] 37.93103
[1] 36.2069
[1] 37.93103
[1] 37.93103
[1] 36.2069
[1] 37.06897
[1] 36.2069
[1] 37.06897
[1] 37.06897
[1] 37.93103
[1] 37.93103
[1] 36.2069
[1] 37.06897
[1] 35.34483
[1] 37.93103
[1] 37.93103
[1] 37.06897
[1] 38.7931
[1] 38.7931
[1] 38.7931
[1] 38.7931
[1] 38.7931
[1] 37.93103
[1] 38.7931
[1] 38.7931
[1] 36.2069
[1] 38.7931
[1] 39.65517
[1] 39.65517
[1] 38.7931
[1] 39.65517
[1] 39.65517
[1] 39.65517
[1] 40.51724
[1] 40.51724
[1] 40.51724
[1] 37.06897
[1] 40.51724
[1] 40.51724
[1] 38.7931
[1] 37.93103
[1] 39.65517
[1] 39.65517
[1] 40.51724
[1] 41.37931
[1] 40.51724
[1] 41.37931
[1] 39.65517
[1] 41.37931
[1] 41.37931
[1] 41.37931
[1] 39.65517
[1] 40.51724
[1] 40.51724
[1] 42.24138
[1] 42.24138
[1] 42.24138
[1] 39.65517
[1] 42.24138
[1] 41.37931
[1] 42.24138
[1] 38.7931
[1] 41.37931
[1] 40.51724
[1] 41.37931
[1] 43.10345
[1] 43.10345
[1] 43.10345
[1] 43.96552
[1] 41.37931
[1] 43.96552
[1] 43.96552
[1] 43.10345
[1] 43.10345
[1] 43.96552
[1] 43.96552
[1] 42.24138
[1] 42.24138
[1] 42.24138
[1] 41.37931
[1] 42.24138
[1] 43.10345
[1] 39.65517
[1] 43.10345
[1] 43.96552
[1] 44.82759
[1] 45.68966
[1] 43.96552
[1] 44.82759
[1] 45.68966
[1] 44.82759
[1] 45.68966
[1] 44.82759
[1] 45.68966
[1] 40.51724
[1] 43.10345
[1] 44.82759
[1] 45.68966
[1] 43.96552
[1] 43.10345
[1] 43.96552
[1] 42.24138
[1] 44.82759
[1] 45.68966
[1] 44.82759
[1] 45.68966
[1] 41.37931
[1] 43.10345
[1] 43.96552
[1] 44.82759
[1] 45.68966
[1] 44.82759
[1] 45.68966
[1] 42.24138
[1] 44.82759
[1] 45.68966
[1] 43.10345
[1] 43.96552
[1] 46.55172
[1] 46.55172
[1] 46.55172
[1] 46.55172
[1] 46.55172
[1] 47.41379
[1] 47.41379
[1] 47.41379
[1] 48.27586
[1] 48.27586
[1] 47.41379
[1] 44.82759
[1] 48.27586
[1] 45.68966
[1] 47.41379
[1] 48.27586
[1] 48.27586
[1] 46.55172
[1] 46.55172
[1] 49.13793
[1] 46.55172
[1] 49.13793
[1] 49.13793
[1] 49.13793
[1] 46.55172
[1] 49.13793
[1] 47.41379
[1] 47.41379
[1] 48.27586
[1] 48.27586
[1] 47.41379
[1] 47.41379
[1] 48.27586
[1] 48.27586
[1] 49.13793
[1] 49.13793
[1] 46.55172
[1] 49.13793
[1] 49.13793
[1] 47.41379
[1] 48.27586
[1] 50
[1] 50
[1] 50
[1] 50
[1] 46.55172
[1] 50
[1] 49.13793
[1] 47.41379
[1] 48.27586
[1] 50
[1] 50
[1] 50
[1] 49.13793
[1] 50
[1] 50
[1] 50
[1] 50.86207
[1] 50.86207
[1] 50.86207
[1] 50.86207
[1] 50.86207
[1] 51.72414
[1] 51.72414
[1] 51.72414
[1] 51.72414
[1] 51.72414
[1] 50.86207
[1] 50.86207
[1] 50.86207
[1] 50.86207
[1] 51.72414
[1] 51.72414
[1] 51.72414
[1] 51.72414
[1] 50.86207
[1] 51.72414
[1] 50.86207
[1] 51.72414
[1] 52.58621
[1] 52.58621
[1] 52.58621
[1] 52.58621
[1] 52.58621
[1] 52.58621
[1] 52.58621
[1] 52.58621
[1] 52.58621
[1] 53.44828
[1] 53.44828
[1] 53.44828
[1] 53.44828
[1] 53.44828
[1] 52.58621
[1] 53.44828
[1] 53.44828
[1] 53.44828
[1] 53.44828
[1] 53.44828
[1] 52.58621
[1] 54.31034
[1] 54.31034
[1] 54.31034
[1] 54.31034
[1] 54.31034
[1] 54.31034
[1] 54.31034
[1] 54.31034
[1] 54.31034
[1] 53.44828
[1] 54.31034
[1] 55.17241
[1] 55.17241
[1] 55.17241
[1] 55.17241
[1] 55.17241
[1] 55.17241
[1] 55.17241
[1] 55.17241
[1] 55.17241
[1] 54.31034
[1] 56.03448
[1] 56.03448
[1] 56.03448
[1] 56.03448
[1] 56.03448
[1] 55.17241
[1] 56.03448
[1] 56.03448
[1] 56.03448
[1] 56.03448
[1] 55.17241
[1] 56.03448
[1] 56.89655
[1] 56.89655
[1] 56.89655
[1] 56.89655
[1] 56.89655
[1] 56.03448
[1] 56.89655
[1] 56.89655
[1] 56.89655
[1] 56.89655
[1] 56.89655
[1] 56.89655
[1] 57.75862
[1] 57.75862
[1] 58.62069
[1] 58.62069
[1] 57.75862
[1] 57.75862
[1] 57.75862
[1] 58.62069
[1] 58.62069
[1] 58.62069
[1] 57.75862
[1] 58.62069
[1] 57.75862
[1] 57.75862
[1] 58.62069
[1] 58.62069
[1] 57.75862
[1] 58.62069
[1] 57.75862
[1] 58.62069
[1] 57.75862
[1] 58.62069
[1] 59.48276
[1] 59.48276
[1] 59.48276
[1] 59.48276
[1] 59.48276
[1] 59.48276
[1] 59.48276
[1] 59.48276
[1] 59.48276
[1] 59.48276
[1] 59.48276
[1] 60.34483
[1] 60.34483
[1] 60.34483
[1] 60.34483
[1] 60.34483
[1] 60.34483
[1] 60.34483
[1] 60.34483
[1] 60.34483
[1] 61.2069
[1] 61.2069
[1] 61.2069
[1] 61.2069
[1] 61.2069
[1] 60.34483
[1] 60.34483
[1] 61.2069
[1] 61.2069
[1] 61.2069
[1] 61.2069
[1] 62.06897
[1] 62.06897
[1] 62.06897
[1] 62.06897
[1] 62.06897
[1] 62.06897
[1] 61.2069
[1] 62.06897
[1] 61.2069
[1] 62.06897
[1] 62.06897
[1] 62.06897
[1] 62.06897
[1] 62.93103
[1] 62.93103
[1] 62.93103
[1] 62.93103
[1] 62.93103
[1] 62.93103
[1] 63.7931
[1] 62.93103
[1] 63.7931
[1] 63.7931
[1] 63.7931
[1] 62.93103
[1] 63.7931
[1] 63.7931
[1] 62.93103
[1] 63.7931
[1] 63.7931
[1] 64.65517
[1] 62.93103
[1] 63.7931
[1] 64.65517
[1] 64.65517
[1] 64.65517
[1] 64.65517
[1] 64.65517
[1] 62.93103
[1] 63.7931
[1] 64.65517
[1] 64.65517
[1] 63.7931
[1] 64.65517
[1] 65.51724
[1] 65.51724
[1] 65.51724
[1] 65.51724
[1] 65.51724
[1] 65.51724
[1] 64.65517
[1] 66.37931
[1] 66.37931
[1] 66.37931
[1] 66.37931
[1] 65.51724
[1] 66.37931
[1] 65.51724
[1] 66.37931
[1] 64.65517
[1] 65.51724
[1] 66.37931
[1] 66.37931
[1] 65.51724
[1] 66.37931
[1] 67.24138
[1] 66.37931
[1] 67.24138
[1] 67.24138
[1] 67.24138
[1] 67.24138
[1] 65.51724
[1] 67.24138
[1] 66.37931
[1] 68.10345
[1] 67.24138
[1] 67.24138
[1] 67.24138
[1] 68.10345
[1] 68.10345
[1] 68.10345
[1] 68.10345
[1] 68.10345
[1] 67.24138
[1] 68.96552
[1] 68.10345
[1] 68.10345
[1] 68.10345
[1] 68.96552
[1] 68.96552
[1] 68.96552
[1] 67.24138
[1] 68.96552
[1] 68.96552
[1] 69.82759
[1] 68.10345
[1] 69.82759
[1] 69.82759
[1] 69.82759
[1] 69.82759
[1] 69.82759
[1] 68.96552
[1] 68.96552
[1] 68.96552
[1] 68.10345
[1] 68.96552
[1] 69.82759
[1] 70.68966
[1] 71.55172
[1] 69.82759
[1] 69.82759
[1] 70.68966
[1] 70.68966
[1] 70.68966
[1] 71.55172
[1] 70.68966
[1] 71.55172
[1] 71.55172
[1] 70.68966
[1] 71.55172
[1] 71.55172
[1] 69.82759
[1] 68.96552
[1] 70.68966
[1] 71.55172
[1] 69.82759
[1] 70.68966
[1] 71.55172
[1] 70.68966
[1] 71.55172
[1] 70.68966
[1] 71.55172
[1] 72.41379
[1] 70.68966
[1] 71.55172
[1] 72.41379
[1] 72.41379
[1] 72.41379
[1] 72.41379
[1] 72.41379
[1] 72.41379
[1] 73.27586
[1] 74.13793
[1] 72.41379
[1] 72.41379
[1] 73.27586
[1] 73.27586
[1] 73.27586
[1] 72.41379
[1] 73.27586
[1] 74.13793
[1] 74.13793
[1] 73.27586
[1] 74.13793
[1] 75
[1] 74.13793
[1] 74.13793
[1] 75.86207
[1] 76.72414
[1] 77.58621
[1] 75
[1] 72.41379
[1] 75
[1] 75
[1] 73.27586
[1] 75
[1] 74.13793
[1] 75
[1] 73.27586
[1] 78.44828
[1] 79.31034
[1] 74.13793
[1] 75.86207
[1] 75.86207
[1] 75.86207
[1] 73.27586
[1] 76.72414
[1] 77.58621
[1] 76.72414
[1] 75.86207
[1] 76.72414
[1] 77.58621
[1] 77.58621
[1] 74.13793
[1] 76.72414
[1] 77.58621
[1] 80.17241
[1] 81.03448
[1] 73.27586
[1] 75.86207
[1] 76.72414
[1] 77.58621
[1] 81.89655
[1] 74.13793
[1] 75
[1] 78.44828
[1] 78.44828
[1] 78.44828
[1] 78.44828
[1] 79.31034
[1] 79.31034
[1] 79.31034
[1] 79.31034
[1] 75
[1] 78.44828
[1] 80.17241
[1] 81.03448
[1] 75
[1] 82.75862
[1] 80.17241
[1] 81.03448
[1] 80.17241
[1] 81.03448
[1] 75.86207
[1] 79.31034
[1] 80.17241
[1] 81.03448
[1] 76.72414
[1] 77.58621
[1] 73.27586
[1] 81.89655
[1] 81.89655
[1] 81.89655
[1] 75
[1] 81.89655
[1] 83.62069
[1] 74.13793
[1] 80.17241
[1] 81.03448
[1] 75.86207
[1] 76.72414
[1] 77.58621
[1] 75.86207
[1] 78.44828
[1] 81.89655
[1] 76.72414
[1] 77.58621
[1] 84.48276
[1] 79.31034
[1] 82.75862
[1] 82.75862
[1] 82.75862
[1] 75.86207
[1] 85.34483
[1] 82.75862
[1] 76.72414
[1] 78.44828
[1] 77.58621
[1] 80.17241
[1] 81.03448
[1] 78.44828
[1] 83.62069
[1] 83.62069
[1] 86.2069
[1] 79.31034
[1] 83.62069
[1] 75
[1] 79.31034
[1] 83.62069
[1] 82.75862
[1] 81.89655
[1] 78.44828
[1] 80.17241
[1] 81.03448
[1] 84.48276
[1] 87.06897
[1] 84.48276
[1] 87.93103
[1] 80.17241
[1] 81.03448
[1] 84.48276
[1] 79.31034
[1] 83.62069
[1] 84.48276
[1] 81.89655
[1] 85.34483
[1] 88.7931
[1] 85.34483
[1] 81.89655
[1] 85.34483
[1] 75.86207
[1] 85.34483
[1] 89.65517
[1] 76.72414
[1] 77.58621
[1] 82.75862
[1] 80.17241
[1] 81.03448
[1] 86.2069
[1] 86.2069
[1] 90.51724
[1] 86.2069
[1] 91.37931
[1] 92.24138
[1] 84.48276
[1] 93.10345
[1] 93.96552
[1] 86.2069
[1] 94.82759
[1] 81.89655
[1] 83.62069
[1] 85.34483
[1] 82.75862
[1] 87.06897
[1] 82.75862
[1] 87.93103
[1] 78.44828
[1] 87.06897
[1] 87.93103
[1] 87.06897
[1] 87.93103
[1] 87.06897
[1] 79.31034
[1] 87.93103
[1] 88.7931
[1] 86.2069
[1] 88.7931
[1] 88.7931
[1] 83.62069
[1] 84.48276
[1] 83.62069
[1] 89.65517
[1] 88.7931
[1] 89.65517
[1] 82.75862
[1] 89.65517
[1] 90.51724
[1] 80.17241
[1] 81.03448
[1] 89.65517
[1] 91.37931
[1] 85.34483
[1] 90.51724
[1] 92.24138
[1] 93.10345
[1] 93.96552
[1] 90.51724
[1] 91.37931
[1] 92.24138
[1] 94.82759
[1] 93.10345
[1] 91.37931
[1] 93.96552
[1] 87.06897
[1] 92.24138
[1] 93.10345
[1] 87.93103
[1] 94.82759
[1] 90.51724
[1] 93.96552
[1] 84.48276
[1] 94.82759
[1] 91.37931
[1] 81.89655
[1] 84.48276
[1] 92.24138
[1] 93.10345
[1] 93.96552
[1] 86.2069
[1] 83.62069
[1] 94.82759
[1] 88.7931
[1] 85.34483
[1] 85.34483
[1] 89.65517
[1] 86.2069
[1] 86.2069
[1] 90.51724
[1] 87.06897
[1] 84.48276
[1] 87.93103
[1] 91.37931
[1] 95.68966
[1] 92.24138
[1] 93.10345
[1] 93.96552
[1] 82.75862
[1] 94.82759
[1] 88.7931
[1] 85.34483
[1] 87.06897
[1] 89.65517
[1] 87.06897
[1] 96.55172
[1] 87.93103
[1] 87.93103
[1] 86.2069
[1] 83.62069
[1] 90.51724
[1] 97.41379
[1] 91.37931
[1] 88.7931
[1] 92.24138
[1] 88.7931
[1] 93.10345
[1] 93.96552
[1] 94.82759
[1] 89.65517
[1] 89.65517
[1] 98.27586
[1] 90.51724
[1] 87.06897
[1] 84.48276
[1] 87.93103
[1] 90.51724
[1] 91.37931
[1] 95.68966
[1] 92.24138
[1] 93.10345
[1] 91.37931
[1] 93.96552
[1] 92.24138
[1] 93.10345
[1] 94.82759
[1] 93.96552
[1] 95.68966
[1] 94.82759
[1] 95.68966
[1] 99.13793
[1] 88.7931
[1] 85.34483
[1] 95.68966
[1] 100
[1] 89.65517
[1] 96.55172
[1] 86.2069
[1] 96.55172
[1] 96.55172
[1] 97.41379
[1] 90.51724
[1] 91.37931
[1] 92.24138
[1] 93.10345
[1] 96.55172
[1] 93.96552
[1] 97.41379
[1] 94.82759
[1] 97.41379
[1] 97.41379
[1] 98.27586
[1] 87.06897
[1] 87.93103
[1] 98.27586
[1] 98.27586
[1] 95.68966
[1] 98.27586
[1] 99.13793
[1] 88.7931
[1] 100
[1] 99.13793
[1] 99.13793
[1] 89.65517
[1] 100
[1] 100
[1] 96.55172
[1] 99.13793
[1] 95.68966
[1] 90.51724
[1] 100
[1] 91.37931
[1] 92.24138
[1] 97.41379
[1] 93.10345
[1] 93.96552
[1] 94.82759
[1] 95.68966
[1] 95.68966
[1] 96.55172
[1] 98.27586
[1] 97.41379
[1] 96.55172
[1] 96.55172
[1] 97.41379
[1] 99.13793
[1] 98.27586
[1] 100
[1] 95.68966
[1] 97.41379
[1] 98.27586
[1] 99.13793
[1] 98.27586
[1] 100
[1] 96.55172
[1] 99.13793
[1] 100
[1] 97.41379
[1] 99.13793
Setting direction: controls > cases
[1] 100
[1] 98.27586
[1] 95.68966
Setting direction: controls > cases
[1] 99.13793
[1] 100
[1] 96.55172
[1] 97.41379
Setting direction: controls > cases
[1] 98.27586
Setting direction: controls > cases
Setting direction: controls > cases
Setting direction: controls > cases
Setting direction: controls > cases
[1] 99.13793
Setting direction: controls > cases
[1] 100
Setting direction: controls > cases
Setting direction: controls > cases
Setting direction: controls > cases
Setting direction: controls > cases
Setting direction: controls > cases
Setting direction: controls > cases
Setting direction: controls > cases
Setting direction: controls > cases
Setting direction: controls > cases
Setting direction: controls > cases
Setting direction: controls > cases
Setting direction: controls > cases
Setting direction: controls > cases
Setting direction: controls > cases
[[1]]
null device 
          1 

[[2]]
null device 
          1 

[[3]]
null device 
          1 

[[4]]
null device 
          1 

[[5]]
null device 
          1 

[[6]]
null device 
          1 

[[7]]
null device 
          1 

[[8]]
null device 
          1 

[[9]]
null device 
          1 

[[10]]
null device 
          1 

[[11]]
null device 
          1 

